<?xml version="1.0" encoding="UTF-8"?>
<testsuite name="csci467.calfco.productsystem.ProductsystemApplicationTests" tests="1" skipped="0" failures="0" errors="0" timestamp="2020-04-18T20:48:02" hostname="DESKTOP-PGMUVRT" time="0.143">
  <properties/>
  <testcase name="contextLoads()" classname="csci467.calfco.productsystem.ProductsystemApplicationTests" time="0.143"/>
  <system-out><![CDATA[15:47:57.307 [Test worker] DEBUG org.springframework.test.context.BootstrapUtils - Instantiating CacheAwareContextLoaderDelegate from class [org.springframework.test.context.cache.DefaultCacheAwareContextLoaderDelegate]
15:47:57.325 [Test worker] DEBUG org.springframework.test.context.BootstrapUtils - Instantiating BootstrapContext using constructor [public org.springframework.test.context.support.DefaultBootstrapContext(java.lang.Class,org.springframework.test.context.CacheAwareContextLoaderDelegate)]
15:47:57.348 [Test worker] DEBUG org.springframework.test.context.BootstrapUtils - Instantiating TestContextBootstrapper for test class [csci467.calfco.productsystem.ProductsystemApplicationTests] from class [org.springframework.boot.test.context.SpringBootTestContextBootstrapper]
15:47:57.364 [Test worker] INFO org.springframework.boot.test.context.SpringBootTestContextBootstrapper - Neither @ContextConfiguration nor @ContextHierarchy found for test class [csci467.calfco.productsystem.ProductsystemApplicationTests], using SpringBootContextLoader
15:47:57.369 [Test worker] DEBUG org.springframework.test.context.support.AbstractContextLoader - Did not detect default resource location for test class [csci467.calfco.productsystem.ProductsystemApplicationTests]: class path resource [csci467/calfco/productsystem/ProductsystemApplicationTests-context.xml] does not exist
15:47:57.370 [Test worker] DEBUG org.springframework.test.context.support.AbstractContextLoader - Did not detect default resource location for test class [csci467.calfco.productsystem.ProductsystemApplicationTests]: class path resource [csci467/calfco/productsystem/ProductsystemApplicationTestsContext.groovy] does not exist
15:47:57.370 [Test worker] INFO org.springframework.test.context.support.AbstractContextLoader - Could not detect default resource locations for test class [csci467.calfco.productsystem.ProductsystemApplicationTests]: no resource found for suffixes {-context.xml, Context.groovy}.
15:47:57.371 [Test worker] INFO org.springframework.test.context.support.AnnotationConfigContextLoaderUtils - Could not detect default configuration classes for test class [csci467.calfco.productsystem.ProductsystemApplicationTests]: ProductsystemApplicationTests does not declare any static, non-private, non-final, nested classes annotated with @Configuration.
15:47:57.410 [Test worker] DEBUG org.springframework.test.context.support.ActiveProfilesUtils - Could not find an 'annotation declaring class' for annotation type [org.springframework.test.context.ActiveProfiles] and class [csci467.calfco.productsystem.ProductsystemApplicationTests]
15:47:57.473 [Test worker] DEBUG org.springframework.context.annotation.ClassPathScanningCandidateComponentProvider - Identified candidate component class: file [C:\Users\Owner\git\csci467-calfco-productsystem\build\classes\java\main\csci467\calfco\productsystem\ProductsystemApplication.class]
15:47:57.474 [Test worker] INFO org.springframework.boot.test.context.SpringBootTestContextBootstrapper - Found @SpringBootConfiguration csci467.calfco.productsystem.ProductsystemApplication for test class csci467.calfco.productsystem.ProductsystemApplicationTests
15:47:57.568 [Test worker] DEBUG org.springframework.boot.test.context.SpringBootTestContextBootstrapper - @TestExecutionListeners is not present for class [csci467.calfco.productsystem.ProductsystemApplicationTests]: using defaults.
15:47:57.569 [Test worker] INFO org.springframework.boot.test.context.SpringBootTestContextBootstrapper - Loaded default TestExecutionListener class names from location [META-INF/spring.factories]: [org.springframework.boot.test.autoconfigure.restdocs.RestDocsTestExecutionListener, org.springframework.boot.test.autoconfigure.web.client.MockRestServiceServerResetTestExecutionListener, org.springframework.boot.test.autoconfigure.web.servlet.MockMvcPrintOnlyOnFailureTestExecutionListener, org.springframework.boot.test.autoconfigure.web.servlet.WebDriverTestExecutionListener, org.springframework.boot.test.mock.mockito.MockitoTestExecutionListener, org.springframework.boot.test.mock.mockito.ResetMocksTestExecutionListener, org.springframework.test.context.web.ServletTestExecutionListener, org.springframework.test.context.support.DirtiesContextBeforeModesTestExecutionListener, org.springframework.test.context.support.DependencyInjectionTestExecutionListener, org.springframework.test.context.support.DirtiesContextTestExecutionListener, org.springframework.test.context.transaction.TransactionalTestExecutionListener, org.springframework.test.context.jdbc.SqlScriptsTestExecutionListener, org.springframework.test.context.event.EventPublishingTestExecutionListener]
15:47:57.584 [Test worker] INFO org.springframework.boot.test.context.SpringBootTestContextBootstrapper - Using TestExecutionListeners: [org.springframework.test.context.web.ServletTestExecutionListener@1d41b873, org.springframework.test.context.support.DirtiesContextBeforeModesTestExecutionListener@2bc8c7f2, org.springframework.boot.test.mock.mockito.MockitoTestExecutionListener@20ff17e2, org.springframework.boot.test.autoconfigure.SpringBootDependencyInjectionTestExecutionListener@c3c4fa9, org.springframework.test.context.support.DirtiesContextTestExecutionListener@1c2eec7d, org.springframework.test.context.transaction.TransactionalTestExecutionListener@71b45f5d, org.springframework.test.context.jdbc.SqlScriptsTestExecutionListener@29ac068e, org.springframework.test.context.event.EventPublishingTestExecutionListener@47035515, org.springframework.boot.test.autoconfigure.restdocs.RestDocsTestExecutionListener@2ca5148c, org.springframework.boot.test.autoconfigure.web.client.MockRestServiceServerResetTestExecutionListener@7fb8f8f2, org.springframework.boot.test.autoconfigure.web.servlet.MockMvcPrintOnlyOnFailureTestExecutionListener@36e909fd, org.springframework.boot.test.autoconfigure.web.servlet.WebDriverTestExecutionListener@6b1f59c8, org.springframework.boot.test.mock.mockito.ResetMocksTestExecutionListener@6f9a2153]
15:47:57.588 [Test worker] DEBUG org.springframework.test.context.support.AbstractDirtiesContextTestExecutionListener - Before test class: context [DefaultTestContext@368fe61a testClass = ProductsystemApplicationTests, testInstance = [null], testMethod = [null], testException = [null], mergedContextConfiguration = [WebMergedContextConfiguration@3c076581 testClass = ProductsystemApplicationTests, locations = '{}', classes = '{class csci467.calfco.productsystem.ProductsystemApplication}', contextInitializerClasses = '[]', activeProfiles = '{}', propertySourceLocations = '{}', propertySourceProperties = '{org.springframework.boot.test.context.SpringBootTestContextBootstrapper=true}', contextCustomizers = set[org.springframework.boot.test.autoconfigure.properties.PropertyMappingContextCustomizer@0, org.springframework.boot.test.autoconfigure.web.servlet.WebDriverContextCustomizerFactory$Customizer@1caebb58, org.springframework.boot.test.context.filter.ExcludeFilterContextCustomizer@56420a42, org.springframework.boot.test.json.DuplicateJsonObjectContextCustomizerFactory$DuplicateJsonObjectContextCustomizer@5a305132, org.springframework.boot.test.mock.mockito.MockitoContextCustomizer@0, org.springframework.boot.test.web.client.TestRestTemplateContextCustomizer@36f33dc6], resourceBasePath = 'src/main/webapp', contextLoader = 'org.springframework.boot.test.context.SpringBootContextLoader', parent = [null]], attributes = map['org.springframework.test.context.web.ServletTestExecutionListener.activateListener' -> true]], class annotated with @DirtiesContext [false] with mode [null].
15:47:57.617 [Test worker] DEBUG org.springframework.test.context.support.TestPropertySourceUtils - Adding inlined properties to environment: {spring.jmx.enabled=false, org.springframework.boot.test.context.SpringBootTestContextBootstrapper=true, server.port=-1}
 ??????? ?????? ???     ????????     ??????? ???????        ??????? ???????  ??????? ??????? ???   ??? ????????????????    ???????????   ????????????????????????????????   ????
???????????????????     ????????    ?????????????????       ????????????????????????????????????   ????????????????????    ???????????? ?????????????????????????????????? ?????
???     ???????????     ??????      ???     ???   ???       ???????????????????   ??????  ??????   ??????        ???       ???????? ??????? ????????   ???   ??????  ???????????
???     ???????????     ??????      ???     ???   ???       ??????? ???????????   ??????  ??????   ??????        ???       ????????  ?????  ????????   ???   ??????  ???????????
???????????  ??????????????         ????????????????????    ???     ???  ?????????????????????????????????????   ???       ????????   ???   ????????   ???   ??????????? ??? ???
 ??????????  ??????????????          ??????? ??????? ???    ???     ???  ??? ??????? ???????  ???????  ???????   ???       ????????   ???   ????????   ???   ???????????     ???
2020-04-18 15:47:57.913  INFO 23084 --- [    Test worker] c.c.p.ProductsystemApplicationTests      : Starting ProductsystemApplicationTests on DESKTOP-PGMUVRT with PID 23084 (started by Owner in C:\Users\Owner\git\csci467-calfco-productsystem)
2020-04-18 15:47:57.915  INFO 23084 --- [    Test worker] c.c.p.ProductsystemApplicationTests      : No active profile set, falling back to default profiles: default
2020-04-18 15:47:58.659  INFO 23084 --- [    Test worker] .s.d.r.c.RepositoryConfigurationDelegate : Bootstrapping Spring Data JPA repositories in DEFAULT mode.
2020-04-18 15:47:58.687  INFO 23084 --- [    Test worker] .s.d.r.c.RepositoryConfigurationDelegate : Finished Spring Data repository scanning in 19ms. Found 0 JPA repository interfaces.
2020-04-18 15:47:59.248  INFO 23084 --- [    Test worker] com.zaxxer.hikari.HikariDataSource       : HikariPool-1 - Starting...
2020-04-18 15:48:00.096  INFO 23084 --- [    Test worker] com.zaxxer.hikari.HikariDataSource       : HikariPool-1 - Start completed.
2020-04-18 15:48:00.174  INFO 23084 --- [    Test worker] o.hibernate.jpa.internal.util.LogHelper  : HHH000204: Processing PersistenceUnitInfo [name: default]
2020-04-18 15:48:00.253  INFO 23084 --- [    Test worker] org.hibernate.Version                    : HHH000412: Hibernate ORM core version 5.4.12.Final
2020-04-18 15:48:00.411  INFO 23084 --- [    Test worker] o.hibernate.annotations.common.Version   : HCANN000001: Hibernate Commons Annotations {5.1.0.Final}
2020-04-18 15:48:00.545  INFO 23084 --- [    Test worker] org.hibernate.dialect.Dialect            : HHH000400: Using dialect: org.hibernate.dialect.MySQL55Dialect
2020-04-18 15:48:00.783  WARN 23084 --- [    Test worker] org.hibernate.mapping.RootClass          : HHH000038: Composite-id class does not override equals(): csci467.calfco.productsystem.models.CreditCardAuthRequestId
2020-04-18 15:48:00.783  WARN 23084 --- [    Test worker] org.hibernate.mapping.RootClass          : HHH000039: Composite-id class does not override hashCode(): csci467.calfco.productsystem.models.CreditCardAuthRequestId
2020-04-18 15:48:01.315  INFO 23084 --- [    Test worker] o.h.e.t.j.p.i.JtaPlatformInitiator       : HHH000490: Using JtaPlatform implementation: [org.hibernate.engine.transaction.jta.platform.internal.NoJtaPlatform]
2020-04-18 15:48:01.323  INFO 23084 --- [    Test worker] j.LocalContainerEntityManagerFactoryBean : Initialized JPA EntityManagerFactory for persistence unit 'default'
2020-04-18 15:48:01.692  WARN 23084 --- [    Test worker] JpaBaseConfiguration$JpaWebConfiguration : spring.jpa.open-in-view is enabled by default. Therefore, database queries may be performed during view rendering. Explicitly configure spring.jpa.open-in-view to disable this warning
2020-04-18 15:48:02.000  INFO 23084 --- [    Test worker] o.s.s.concurrent.ThreadPoolTaskExecutor  : Initializing ExecutorService 'applicationTaskExecutor'
2020-04-18 15:48:02.419  INFO 23084 --- [    Test worker] c.c.p.ProductsystemApplicationTests      : Started ProductsystemApplicationTests in 4.792 seconds (JVM running for 5.845)
]]></system-out>
  <system-err><![CDATA[]]></system-err>
</testsuite>
